2020-04-25 21:55:24.670 [main] INFO  com.ep.Application - Starting Application on DESKTOP-R32HJDM with PID 14756 (started by Joy in E:\文档\毕业设计\nePlus)
2020-04-25 21:55:24.751 [main] DEBUG com.ep.Application - Running with Spring Boot v2.1.10.RELEASE, Spring v5.1.11.RELEASE
2020-04-25 21:55:24.753 [main] INFO  com.ep.Application - No active profile set, falling back to default profiles: default
2020-04-25 21:55:26.655 [main] WARN  org.mybatis.spring.mapper.ClassPathMapperScanner - Skipping MapperFactoryBean with name 'dataItemMapper' and 'com.ep.mapper.DataItemMapper' mapperInterface. Bean already defined with the same name!
2020-04-25 21:55:26.659 [main] WARN  org.mybatis.spring.mapper.ClassPathMapperScanner - Skipping MapperFactoryBean with name 'datasMapper' and 'com.ep.mapper.DatasMapper' mapperInterface. Bean already defined with the same name!
2020-04-25 21:55:26.660 [main] WARN  org.mybatis.spring.mapper.ClassPathMapperScanner - Skipping MapperFactoryBean with name 'loginMapper' and 'com.ep.mapper.LoginMapper' mapperInterface. Bean already defined with the same name!
2020-04-25 21:55:26.662 [main] WARN  org.mybatis.spring.mapper.ClassPathMapperScanner - Skipping MapperFactoryBean with name 'userMapper' and 'com.ep.mapper.UserMapper' mapperInterface. Bean already defined with the same name!
2020-04-25 21:55:26.667 [main] WARN  org.mybatis.spring.mapper.ClassPathMapperScanner - No MyBatis mapper was found in '[com.ep]' package. Please check your configuration.
2020-04-25 21:55:27.705 [main] INFO  o.s.c.s.PostProcessorRegistrationDelegate$BeanPostProcessorChecker - Bean 'org.springframework.transaction.annotation.ProxyTransactionManagementConfiguration' of type [org.springframework.transaction.annotation.ProxyTransactionManagementConfiguration$$EnhancerBySpringCGLIB$$53941383] is not eligible for getting processed by all BeanPostProcessors (for example: not eligible for auto-proxying)
2020-04-25 21:55:31.318 [main] INFO  o.s.boot.web.embedded.tomcat.TomcatWebServer - Tomcat initialized with port(s): 9090 (http)
2020-04-25 21:55:31.370 [main] INFO  org.apache.catalina.core.StandardService - Starting service [Tomcat]
2020-04-25 21:55:31.372 [main] INFO  org.apache.catalina.core.StandardEngine - Starting Servlet engine: [Apache Tomcat/9.0.27]
2020-04-25 21:55:31.785 [main] INFO  o.a.c.core.ContainerBase.[Tomcat].[localhost].[/] - Initializing Spring embedded WebApplicationContext
2020-04-25 21:55:31.787 [main] INFO  org.springframework.web.context.ContextLoader - Root WebApplicationContext: initialization completed in 6827 ms
2020-04-25 21:55:32.334 [main] INFO  c.a.d.s.b.a.DruidDataSourceAutoConfigure - Init DruidDataSource
2020-04-25 21:55:33.289 [main] INFO  com.alibaba.druid.pool.DruidDataSource - {dataSource-1} inited
2020-04-25 21:55:35.268 [main] INFO  o.s.scheduling.concurrent.ThreadPoolTaskExecutor - Initializing ExecutorService 'applicationTaskExecutor'
2020-04-25 21:55:35.436 [main] INFO  o.s.b.a.web.servlet.WelcomePageHandlerMapping - Adding welcome page template: index
2020-04-25 21:55:35.519 [main] WARN  org.thymeleaf.templatemode.TemplateMode - [THYMELEAF][main] Template Mode 'HTML5' is deprecated. Using Template Mode 'HTML' instead.
2020-04-25 21:55:35.593 [main] INFO  t.mybatis.mapper.autoconfigure.MapperCacheDisabler - Clear tk.mybatis.mapper.util.MsUtil CLASS_CACHE cache.
2020-04-25 21:55:35.594 [main] INFO  t.mybatis.mapper.autoconfigure.MapperCacheDisabler - Clear tk.mybatis.mapper.genid.GenIdUtil CACHE cache.
2020-04-25 21:55:35.596 [main] INFO  t.mybatis.mapper.autoconfigure.MapperCacheDisabler - Clear tk.mybatis.mapper.version.VersionUtil CACHE cache.
2020-04-25 21:55:35.596 [main] INFO  t.mybatis.mapper.autoconfigure.MapperCacheDisabler - Clear EntityHelper entityTableMap cache.
2020-04-25 21:55:36.065 [main] INFO  o.s.b.actuate.endpoint.web.EndpointLinksResolver - Exposing 2 endpoint(s) beneath base path '/actuator'
2020-04-25 21:55:36.431 [main] INFO  o.s.boot.web.embedded.tomcat.TomcatWebServer - Tomcat started on port(s): 9090 (http) with context path ''
2020-04-25 21:55:36.436 [main] INFO  com.ep.Application - Started Application in 13.263 seconds (JVM running for 15.24)
2020-04-25 21:56:16.657 [http-nio-9090-exec-1] INFO  o.a.c.core.ContainerBase.[Tomcat].[localhost].[/] - Initializing Spring DispatcherServlet 'dispatcherServlet'
2020-04-25 21:56:16.658 [http-nio-9090-exec-1] INFO  org.springframework.web.servlet.DispatcherServlet - Initializing Servlet 'dispatcherServlet'
2020-04-25 21:56:16.672 [http-nio-9090-exec-1] INFO  org.springframework.web.servlet.DispatcherServlet - Completed initialization in 13 ms
2020-04-25 21:56:48.992 [http-nio-9090-exec-10] DEBUG com.ep.mapper.LoginMapper.checkLogin - ==>  Preparing: select * from tb_user where username = ? and password=? 
2020-04-25 21:56:49.126 [http-nio-9090-exec-10] DEBUG com.ep.mapper.LoginMapper.checkLogin - ==> Parameters: admin(String), admin(String)
2020-04-25 21:56:49.300 [http-nio-9090-exec-10] DEBUG com.ep.mapper.LoginMapper.checkLogin - <==      Total: 1
