2020-05-04 10:05:14.904 [main] INFO  com.ep.Application - Starting Application on DESKTOP-R32HJDM with PID 19960 (started by Joy in E:\文档\毕业设计\nePlus)
2020-05-04 10:05:14.953 [main] DEBUG com.ep.Application - Running with Spring Boot v2.1.10.RELEASE, Spring v5.1.11.RELEASE
2020-05-04 10:05:14.954 [main] INFO  com.ep.Application - No active profile set, falling back to default profiles: default
2020-05-04 10:05:15.425 [main] INFO  com.ep.Application - Starting Application on DESKTOP-R32HJDM with PID 3036 (started by Joy in E:\文档\毕业设计\nePlus)
2020-05-04 10:05:15.435 [main] DEBUG com.ep.Application - Running with Spring Boot v2.1.10.RELEASE, Spring v5.1.11.RELEASE
2020-05-04 10:05:15.441 [main] INFO  com.ep.Application - No active profile set, falling back to default profiles: default
2020-05-04 10:05:20.587 [main] WARN  org.mybatis.spring.mapper.ClassPathMapperScanner - Skipping MapperFactoryBean with name 'dataItemMapper' and 'com.ep.mapper.DataItemMapper' mapperInterface. Bean already defined with the same name!
2020-05-04 10:05:20.589 [main] WARN  org.mybatis.spring.mapper.ClassPathMapperScanner - Skipping MapperFactoryBean with name 'datasMapper' and 'com.ep.mapper.DatasMapper' mapperInterface. Bean already defined with the same name!
2020-05-04 10:05:20.590 [main] WARN  org.mybatis.spring.mapper.ClassPathMapperScanner - Skipping MapperFactoryBean with name 'loginMapper' and 'com.ep.mapper.LoginMapper' mapperInterface. Bean already defined with the same name!
2020-05-04 10:05:20.590 [main] WARN  org.mybatis.spring.mapper.ClassPathMapperScanner - Skipping MapperFactoryBean with name 'userMapper' and 'com.ep.mapper.UserMapper' mapperInterface. Bean already defined with the same name!
2020-05-04 10:05:20.590 [main] WARN  org.mybatis.spring.mapper.ClassPathMapperScanner - No MyBatis mapper was found in '[com.ep]' package. Please check your configuration.
2020-05-04 10:05:20.687 [main] WARN  org.mybatis.spring.mapper.ClassPathMapperScanner - Skipping MapperFactoryBean with name 'dataItemMapper' and 'com.ep.mapper.DataItemMapper' mapperInterface. Bean already defined with the same name!
2020-05-04 10:05:20.696 [main] WARN  org.mybatis.spring.mapper.ClassPathMapperScanner - Skipping MapperFactoryBean with name 'datasMapper' and 'com.ep.mapper.DatasMapper' mapperInterface. Bean already defined with the same name!
2020-05-04 10:05:20.745 [main] WARN  org.mybatis.spring.mapper.ClassPathMapperScanner - Skipping MapperFactoryBean with name 'loginMapper' and 'com.ep.mapper.LoginMapper' mapperInterface. Bean already defined with the same name!
2020-05-04 10:05:20.746 [main] WARN  org.mybatis.spring.mapper.ClassPathMapperScanner - Skipping MapperFactoryBean with name 'userMapper' and 'com.ep.mapper.UserMapper' mapperInterface. Bean already defined with the same name!
2020-05-04 10:05:20.750 [main] WARN  org.mybatis.spring.mapper.ClassPathMapperScanner - No MyBatis mapper was found in '[com.ep]' package. Please check your configuration.
2020-05-04 10:05:22.593 [main] INFO  o.s.c.s.PostProcessorRegistrationDelegate$BeanPostProcessorChecker - Bean 'org.springframework.transaction.annotation.ProxyTransactionManagementConfiguration' of type [org.springframework.transaction.annotation.ProxyTransactionManagementConfiguration$$EnhancerBySpringCGLIB$$82108f64] is not eligible for getting processed by all BeanPostProcessors (for example: not eligible for auto-proxying)
2020-05-04 10:05:22.623 [main] INFO  o.s.c.s.PostProcessorRegistrationDelegate$BeanPostProcessorChecker - Bean 'org.springframework.transaction.annotation.ProxyTransactionManagementConfiguration' of type [org.springframework.transaction.annotation.ProxyTransactionManagementConfiguration$$EnhancerBySpringCGLIB$$3c6ed1ee] is not eligible for getting processed by all BeanPostProcessors (for example: not eligible for auto-proxying)
2020-05-04 10:05:27.115 [main] INFO  o.s.boot.web.embedded.tomcat.TomcatWebServer - Tomcat initialized with port(s): 9090 (http)
2020-05-04 10:05:27.115 [main] INFO  o.s.boot.web.embedded.tomcat.TomcatWebServer - Tomcat initialized with port(s): 9090 (http)
2020-05-04 10:05:27.334 [main] INFO  org.apache.catalina.core.StandardService - Starting service [Tomcat]
2020-05-04 10:05:27.334 [main] INFO  org.apache.catalina.core.StandardEngine - Starting Servlet engine: [Apache Tomcat/9.0.27]
2020-05-04 10:05:27.366 [main] INFO  org.apache.catalina.core.StandardService - Starting service [Tomcat]
2020-05-04 10:05:27.367 [main] INFO  org.apache.catalina.core.StandardEngine - Starting Servlet engine: [Apache Tomcat/9.0.27]
2020-05-04 10:05:28.092 [main] INFO  o.a.c.core.ContainerBase.[Tomcat].[localhost].[/] - Initializing Spring embedded WebApplicationContext
2020-05-04 10:05:28.093 [main] INFO  org.springframework.web.context.ContextLoader - Root WebApplicationContext: initialization completed in 12523 ms
2020-05-04 10:05:28.111 [main] INFO  o.a.c.core.ContainerBase.[Tomcat].[localhost].[/] - Initializing Spring embedded WebApplicationContext
2020-05-04 10:05:28.111 [main] INFO  org.springframework.web.context.ContextLoader - Root WebApplicationContext: initialization completed in 12714 ms
2020-05-04 10:05:29.263 [main] INFO  c.a.d.s.b.a.DruidDataSourceAutoConfigure - Init DruidDataSource
2020-05-04 10:05:29.303 [main] INFO  c.a.d.s.b.a.DruidDataSourceAutoConfigure - Init DruidDataSource
2020-05-04 10:05:31.030 [main] INFO  com.alibaba.druid.pool.DruidDataSource - {dataSource-1} inited
2020-05-04 10:05:31.031 [main] INFO  com.alibaba.druid.pool.DruidDataSource - {dataSource-1} inited
2020-05-04 10:05:34.464 [main] INFO  o.s.scheduling.concurrent.ThreadPoolTaskExecutor - Initializing ExecutorService 'applicationTaskExecutor'
2020-05-04 10:05:34.597 [main] INFO  o.s.scheduling.concurrent.ThreadPoolTaskExecutor - Initializing ExecutorService 'applicationTaskExecutor'
2020-05-04 10:05:35.195 [main] INFO  o.s.b.a.web.servlet.WelcomePageHandlerMapping - Adding welcome page template: index
2020-05-04 10:05:35.515 [main] INFO  o.s.b.a.web.servlet.WelcomePageHandlerMapping - Adding welcome page template: index
2020-05-04 10:05:36.297 [main] WARN  org.thymeleaf.templatemode.TemplateMode - [THYMELEAF][main] Template Mode 'HTML5' is deprecated. Using Template Mode 'HTML' instead.
2020-05-04 10:05:36.782 [main] INFO  t.mybatis.mapper.autoconfigure.MapperCacheDisabler - Clear tk.mybatis.mapper.util.MsUtil CLASS_CACHE cache.
2020-05-04 10:05:36.785 [main] INFO  t.mybatis.mapper.autoconfigure.MapperCacheDisabler - Clear tk.mybatis.mapper.genid.GenIdUtil CACHE cache.
2020-05-04 10:05:36.788 [main] INFO  t.mybatis.mapper.autoconfigure.MapperCacheDisabler - Clear tk.mybatis.mapper.version.VersionUtil CACHE cache.
2020-05-04 10:05:36.789 [main] INFO  t.mybatis.mapper.autoconfigure.MapperCacheDisabler - Clear EntityHelper entityTableMap cache.
2020-05-04 10:05:36.726 [main] WARN  org.thymeleaf.templatemode.TemplateMode - [THYMELEAF][main] Template Mode 'HTML5' is deprecated. Using Template Mode 'HTML' instead.
2020-05-04 10:05:37.003 [main] INFO  t.mybatis.mapper.autoconfigure.MapperCacheDisabler - Clear tk.mybatis.mapper.util.MsUtil CLASS_CACHE cache.
2020-05-04 10:05:37.005 [main] INFO  t.mybatis.mapper.autoconfigure.MapperCacheDisabler - Clear tk.mybatis.mapper.genid.GenIdUtil CACHE cache.
2020-05-04 10:05:37.007 [main] INFO  t.mybatis.mapper.autoconfigure.MapperCacheDisabler - Clear tk.mybatis.mapper.version.VersionUtil CACHE cache.
2020-05-04 10:05:37.009 [main] INFO  t.mybatis.mapper.autoconfigure.MapperCacheDisabler - Clear EntityHelper entityTableMap cache.
2020-05-04 10:05:39.644 [main] INFO  o.s.b.actuate.endpoint.web.EndpointLinksResolver - Exposing 2 endpoint(s) beneath base path '/actuator'
2020-05-04 10:05:39.826 [main] INFO  o.s.b.actuate.endpoint.web.EndpointLinksResolver - Exposing 2 endpoint(s) beneath base path '/actuator'
2020-05-04 10:05:40.251 [main] ERROR org.apache.catalina.util.LifecycleBase - Failed to start component [Connector[HTTP/1.1-9090]]
org.apache.catalina.LifecycleException: Protocol handler start failed
	at org.apache.catalina.connector.Connector.startInternal(Connector.java:1008)
	at org.apache.catalina.util.LifecycleBase.start(LifecycleBase.java:183)
	at org.apache.catalina.core.StandardService.addConnector(StandardService.java:227)
	at org.springframework.boot.web.embedded.tomcat.TomcatWebServer.addPreviouslyRemovedConnectors(TomcatWebServer.java:263)
	at org.springframework.boot.web.embedded.tomcat.TomcatWebServer.start(TomcatWebServer.java:195)
	at org.springframework.boot.web.servlet.context.ServletWebServerApplicationContext.startWebServer(ServletWebServerApplicationContext.java:297)
	at org.springframework.boot.web.servlet.context.ServletWebServerApplicationContext.finishRefresh(ServletWebServerApplicationContext.java:163)
	at org.springframework.context.support.AbstractApplicationContext.refresh(AbstractApplicationContext.java:552)
	at org.springframework.boot.web.servlet.context.ServletWebServerApplicationContext.refresh(ServletWebServerApplicationContext.java:141)
	at org.springframework.boot.SpringApplication.refresh(SpringApplication.java:744)
	at org.springframework.boot.SpringApplication.refreshContext(SpringApplication.java:391)
	at org.springframework.boot.SpringApplication.run(SpringApplication.java:312)
	at org.springframework.boot.SpringApplication.run(SpringApplication.java:1215)
	at org.springframework.boot.SpringApplication.run(SpringApplication.java:1204)
	at com.ep.Application.main(Application.java:38)
Caused by: java.net.BindException: Address already in use: bind
	at sun.nio.ch.Net.bind0(Native Method)
	at sun.nio.ch.Net.bind(Unknown Source)
	at sun.nio.ch.Net.bind(Unknown Source)
	at sun.nio.ch.ServerSocketChannelImpl.bind(Unknown Source)
	at sun.nio.ch.ServerSocketAdaptor.bind(Unknown Source)
	at org.apache.tomcat.util.net.NioEndpoint.initServerSocket(NioEndpoint.java:230)
	at org.apache.tomcat.util.net.NioEndpoint.bind(NioEndpoint.java:213)
	at org.apache.tomcat.util.net.AbstractEndpoint.bindWithCleanup(AbstractEndpoint.java:1124)
	at org.apache.tomcat.util.net.AbstractEndpoint.start(AbstractEndpoint.java:1210)
	at org.apache.coyote.AbstractProtocol.start(AbstractProtocol.java:586)
	at org.apache.catalina.connector.Connector.startInternal(Connector.java:1005)
	... 14 common frames omitted
2020-05-04 10:05:40.281 [main] INFO  o.s.boot.web.embedded.tomcat.TomcatWebServer - Tomcat started on port(s): 9090 (http) with context path ''
2020-05-04 10:05:40.289 [main] INFO  com.ep.Application - Started Application in 26.082 seconds (JVM running for 27.164)
2020-05-04 10:05:40.299 [main] INFO  org.apache.catalina.core.StandardService - Stopping service [Tomcat]
2020-05-04 10:05:40.321 [main] WARN  org.apache.catalina.loader.WebappClassLoaderBase - The web application [ROOT] appears to have started a thread named [Druid-ConnectionPool-Create-2046652309] but has failed to stop it. This is very likely to create a memory leak. Stack trace of thread:
 sun.misc.Unsafe.park(Native Method)
 java.util.concurrent.locks.LockSupport.park(Unknown Source)
 java.util.concurrent.locks.AbstractQueuedSynchronizer$ConditionObject.await(Unknown Source)
 com.alibaba.druid.pool.DruidDataSource$CreateConnectionThread.run(DruidDataSource.java:2443)
2020-05-04 10:05:40.326 [main] WARN  org.apache.catalina.loader.WebappClassLoaderBase - The web application [ROOT] appears to have started a thread named [Druid-ConnectionPool-Destroy-2046652309] but has failed to stop it. This is very likely to create a memory leak. Stack trace of thread:
 java.lang.Thread.sleep(Native Method)
 com.alibaba.druid.pool.DruidDataSource$DestroyConnectionThread.run(DruidDataSource.java:2540)
2020-05-04 10:05:40.362 [main] INFO  o.s.b.a.l.ConditionEvaluationReportLoggingListener - 

Error starting ApplicationContext. To display the conditions report re-run your application with 'debug' enabled.
2020-05-04 10:05:40.367 [main] ERROR o.s.b.diagnostics.LoggingFailureAnalysisReporter - 

***************************
APPLICATION FAILED TO START
***************************

Description:

The Tomcat connector configured to listen on port 9090 failed to start. The port may already be in use or the connector may be misconfigured.

Action:

Verify the connector's configuration, identify and stop any process that's listening on port 9090, or configure this application to listen on another port.

2020-05-04 10:05:40.392 [main] INFO  o.s.scheduling.concurrent.ThreadPoolTaskExecutor - Shutting down ExecutorService 'applicationTaskExecutor'
2020-05-04 10:05:40.400 [main] INFO  com.alibaba.druid.pool.DruidDataSource - {dataSource-1} closed
2020-05-04 10:06:14.907 [http-nio-9090-exec-1] INFO  o.a.c.core.ContainerBase.[Tomcat].[localhost].[/] - Initializing Spring DispatcherServlet 'dispatcherServlet'
2020-05-04 10:06:14.908 [http-nio-9090-exec-1] INFO  org.springframework.web.servlet.DispatcherServlet - Initializing Servlet 'dispatcherServlet'
2020-05-04 10:06:14.924 [http-nio-9090-exec-1] INFO  org.springframework.web.servlet.DispatcherServlet - Completed initialization in 15 ms
2020-05-04 10:09:58.215 [http-nio-9090-exec-3] DEBUG com.ep.mapper.LoginMapper.checkLogin - ==>  Preparing: select * from tb_user where username = ? and password=? 
2020-05-04 10:09:58.298 [http-nio-9090-exec-3] DEBUG com.ep.mapper.LoginMapper.checkLogin - ==> Parameters: admin(String), admin(String)
2020-05-04 10:09:58.520 [http-nio-9090-exec-3] DEBUG com.ep.mapper.LoginMapper.checkLogin - <==      Total: 1
2020-05-04 10:10:06.390 [http-nio-9090-exec-7] DEBUG com.ep.mapper.UserMapper.userList - ==>  Preparing: select * from tb_user WHERE type = 'user' order by create_time desc 
2020-05-04 10:10:06.391 [http-nio-9090-exec-7] DEBUG com.ep.mapper.UserMapper.userList - ==> Parameters: 
2020-05-04 10:10:06.422 [http-nio-9090-exec-7] DEBUG com.ep.mapper.UserMapper.userList - <==      Total: 2
2020-05-04 10:11:17.151 [http-nio-9090-exec-10] DEBUG com.ep.mapper.UserMapper.userList - ==>  Preparing: select * from tb_user WHERE type = 'user' order by create_time desc 
2020-05-04 10:11:17.152 [http-nio-9090-exec-10] DEBUG com.ep.mapper.UserMapper.userList - ==> Parameters: 
2020-05-04 10:11:17.187 [http-nio-9090-exec-10] DEBUG com.ep.mapper.UserMapper.userList - <==      Total: 2
2020-05-04 10:14:38.801 [http-nio-9090-exec-2] DEBUG com.ep.mapper.UserMapper.userList - ==>  Preparing: select * from tb_user WHERE type = 'user' order by create_time desc 
2020-05-04 10:14:38.803 [http-nio-9090-exec-2] DEBUG com.ep.mapper.UserMapper.userList - ==> Parameters: 
2020-05-04 10:14:38.832 [http-nio-9090-exec-2] DEBUG com.ep.mapper.UserMapper.userList - <==      Total: 2
2020-05-04 10:15:42.560 [http-nio-9090-exec-10] DEBUG com.ep.mapper.UserMapper.selectByPrimaryKey - ==>  Preparing: SELECT id,username,password,name,email,phone,create_time,update_time,type FROM tb_user WHERE id = ? 
2020-05-04 10:15:42.562 [http-nio-9090-exec-10] DEBUG com.ep.mapper.UserMapper.selectByPrimaryKey - ==> Parameters: c5e7fd238dfb4d0e9153d024a173fc86(String)
2020-05-04 10:15:42.707 [http-nio-9090-exec-10] DEBUG com.ep.mapper.UserMapper.selectByPrimaryKey - <==      Total: 1
2020-05-04 10:16:21.006 [http-nio-9090-exec-8] DEBUG com.ep.mapper.DatasMapper.dataList - ==>  Preparing: select id,name,create_time,update_time from tb_datas order by create_time desc 
2020-05-04 10:16:21.009 [http-nio-9090-exec-8] DEBUG com.ep.mapper.DatasMapper.dataList - ==> Parameters: 
2020-05-04 10:16:21.044 [http-nio-9090-exec-8] DEBUG com.ep.mapper.DatasMapper.dataList - <==      Total: 2
2020-05-04 10:17:06.000 [http-nio-9090-exec-4] DEBUG com.ep.mapper.DatasMapper.dataList - ==>  Preparing: select id,name,create_time,update_time from tb_datas order by create_time desc 
2020-05-04 10:17:06.004 [http-nio-9090-exec-4] DEBUG com.ep.mapper.DatasMapper.dataList - ==> Parameters: 
2020-05-04 10:17:06.039 [http-nio-9090-exec-4] DEBUG com.ep.mapper.DatasMapper.dataList - <==      Total: 2
2020-05-04 10:19:18.874 [http-nio-9090-exec-2] DEBUG com.ep.mapper.DatasMapper.selectItemList - ==>  Preparing: SELECT * FROM tb_data_item where data_id = ? order by type 
2020-05-04 10:19:18.876 [http-nio-9090-exec-2] DEBUG com.ep.mapper.DatasMapper.selectItemList - ==> Parameters: 73b8aba390834fa1a3afc583508f32c7(String)
2020-05-04 10:19:18.907 [http-nio-9090-exec-2] DEBUG com.ep.mapper.DatasMapper.selectItemList - <==      Total: 4
2020-05-04 10:19:22.122 [http-nio-9090-exec-1] DEBUG com.ep.mapper.DatasMapper.dataList - ==>  Preparing: select id,name,create_time,update_time from tb_datas order by create_time desc 
2020-05-04 10:19:22.124 [http-nio-9090-exec-1] DEBUG com.ep.mapper.DatasMapper.dataList - ==> Parameters: 
2020-05-04 10:19:22.155 [http-nio-9090-exec-1] DEBUG com.ep.mapper.DatasMapper.dataList - <==      Total: 2
2020-05-04 10:19:24.026 [http-nio-9090-exec-2] DEBUG com.ep.mapper.DatasMapper.selectItemList - ==>  Preparing: SELECT * FROM tb_data_item where data_id = ? order by type 
2020-05-04 10:19:24.027 [http-nio-9090-exec-2] DEBUG com.ep.mapper.DatasMapper.selectItemList - ==> Parameters: d333c56e43d14f6a92a0f02ca22fd1b3(String)
2020-05-04 10:19:24.059 [http-nio-9090-exec-2] DEBUG com.ep.mapper.DatasMapper.selectItemList - <==      Total: 4
2020-05-04 10:21:20.749 [http-nio-9090-exec-10] DEBUG com.ep.mapper.DataItemMapper.selectByPrimaryKey - ==>  Preparing: SELECT id,data_id,type,zero,one,two,three,four,five,six,seven,eight,nine,ten FROM tb_data_item WHERE id = ? 
2020-05-04 10:21:20.750 [http-nio-9090-exec-10] DEBUG com.ep.mapper.DataItemMapper.selectByPrimaryKey - ==> Parameters: f9b7e51f23414a25ba488c07fcc93d5b(String)
2020-05-04 10:21:20.782 [http-nio-9090-exec-10] DEBUG com.ep.mapper.DataItemMapper.selectByPrimaryKey - <==      Total: 1
2020-05-04 10:23:02.858 [http-nio-9090-exec-4] DEBUG com.ep.mapper.DatasMapper.dataList - ==>  Preparing: select id,name,create_time,update_time from tb_datas order by create_time desc 
2020-05-04 10:23:02.859 [http-nio-9090-exec-4] DEBUG com.ep.mapper.DatasMapper.dataList - ==> Parameters: 
2020-05-04 10:23:02.888 [http-nio-9090-exec-4] DEBUG com.ep.mapper.DatasMapper.dataList - <==      Total: 2
2020-05-04 10:23:06.186 [http-nio-9090-exec-4] DEBUG com.ep.mapper.DatasMapper.selectItemList - ==>  Preparing: SELECT * FROM tb_data_item where data_id = ? order by type 
2020-05-04 10:23:06.189 [http-nio-9090-exec-4] DEBUG com.ep.mapper.DatasMapper.selectItemList - ==> Parameters: d333c56e43d14f6a92a0f02ca22fd1b3(String)
2020-05-04 10:23:06.219 [http-nio-9090-exec-4] DEBUG com.ep.mapper.DatasMapper.selectItemList - <==      Total: 4
